<?xml version="1.0" encoding="UTF-8"?>
<!-- Generated by org.testng.reporters.JUnitReportReporter -->
<testsuite name="javalicious2.TestCase435" tests="1" time="5.145" ignored="0" failures="0" timestamp="31 Mar 2018 13:00:25 GMT" skipped="0" hostname="Mark-HP" errors="0">
  <testcase name="TestCase435" time="5.145" classname="javalicious2.TestCase435"/>
</testsuite> <!-- javalicious2.TestCase435 -->
