<?xml version="1.0" encoding="UTF-8"?>
<!-- Generated by org.testng.reporters.JUnitReportReporter -->
<testsuite name="javalicious2.TestCase435" tests="1" time="7.233" ignored="0" failures="0" timestamp="04 Apr 2018 04:26:44 GMT" skipped="0" hostname="Mark-HP" errors="0">
  <testcase name="TestCase435" time="7.233" classname="javalicious2.TestCase435"/>
</testsuite> <!-- javalicious2.TestCase435 -->
