<?xml version="1.0" encoding="UTF-8"?>
<!-- Generated by org.testng.reporters.JUnitReportReporter -->
<testsuite name="Javalicious.TestingBasicSelenium" tests="3" time="19.446" ignored="0" failures="0" timestamp="11 Feb 2018 11:54:56 GMT" skipped="0" hostname="Mark-HP" errors="0">
  <testcase name="T03_backForwardRefreshExample" time="11.290" classname="Javalicious.TestingBasicSelenium"/>
  <testcase name="T02_navigateToExample" time="5.189" classname="Javalicious.TestingBasicSelenium"/>
  <testcase name="T01_getURLExample" time="2.967" classname="Javalicious.TestingBasicSelenium"/>
</testsuite> <!-- Javalicious.TestingBasicSelenium -->
