<?xml version="1.0" encoding="UTF-8"?>
<!-- Generated by org.testng.reporters.JUnitReportReporter -->
<testsuite name="example2.NewTest2" tests="1" time="0.150" ignored="0" failures="0" timestamp="07 Feb 2018 18:10:31 GMT" skipped="1" hostname="Mark-HP" errors="0">
  <testcase name="test" time="0.150" classname="example2.NewTest2">
    <skipped/>
  </testcase> <!-- test -->
</testsuite> <!-- example2.NewTest2 -->
