<?xml version="1.0" encoding="UTF-8"?>
<!-- Generated by org.testng.reporters.JUnitReportReporter -->
<testsuite name="example2.XPathAssissant_JunitTest" tests="1" time="5.111" ignored="0" failures="0" timestamp="12 Feb 2018 02:27:22 GMT" skipped="0" hostname="Mark-HP" errors="0">
  <testcase name="test" time="5.111" classname="example2.XPathAssissant_JunitTest"/>
</testsuite> <!-- example2.XPathAssissant_JunitTest -->
