<?xml version="1.0" encoding="UTF-8"?>
<!-- Generated by org.testng.reporters.JUnitReportReporter -->
<testsuite name="example2.XPathAssissant_JunitTest" tests="1" time="2.471" ignored="0" failures="0" timestamp="11 Feb 2018 12:04:20 GMT" skipped="0" hostname="Mark-HP" errors="0">
  <testcase name="test" time="2.471" classname="example2.XPathAssissant_JunitTest"/>
</testsuite> <!-- example2.XPathAssissant_JunitTest -->
