<?xml version="1.0" encoding="UTF-8"?>
<!-- Generated by org.testng.reporters.JUnitReportReporter -->
<testsuite name="Javalicious.TestConversionCopy" tests="1" time="8.683" ignored="0" failures="0" timestamp="21 Mar 2018 17:37:17 GMT" skipped="0" hostname="Mark-HP" errors="0">
  <testcase name="TestCase961" time="8.683" classname="Javalicious.TestConversionCopy"/>
</testsuite> <!-- Javalicious.TestConversionCopy -->
