<?xml version="1.0" encoding="UTF-8"?>
<!-- Generated by org.testng.reporters.JUnitReportReporter -->
<testsuite name="parallelTesting.TestParallelClassOne" tests="2" time="0.015" ignored="0" failures="0" timestamp="19 Mar 2018 14:50:43 GMT" skipped="0" hostname="Mark-HP" errors="0">
  <testcase name="testCaseOne" time="0.011" classname="parallelTesting.TestParallelClassOne"/>
  <testcase name="testCaseTwo" time="0.004" classname="parallelTesting.TestParallelClassOne"/>
</testsuite> <!-- parallelTesting.TestParallelClassOne -->
