<?xml version="1.0" encoding="UTF-8"?>
<!-- Generated by org.testng.reporters.JUnitReportReporter -->
<testsuite name="Javalicious.TestConversion" tests="1" time="7.073" ignored="0" failures="0" timestamp="30 Mar 2018 18:34:38 GMT" skipped="0" hostname="Mark-HP" errors="0">
  <testcase name="TestCase311" time="7.073" classname="Javalicious.TestConversion"/>
</testsuite> <!-- Javalicious.TestConversion -->
