<?xml version="1.0" encoding="UTF-8"?>
<!-- Generated by org.testng.reporters.JUnitReportReporter -->
<testsuite name="example2.NewTest2" tests="1" time="7.762" ignored="0" failures="0" timestamp="28 Mar 2018 16:10:05 GMT" skipped="0" hostname="Mark-HP" errors="0">
  <testcase name="test" time="7.762" classname="example2.NewTest2"/>
</testsuite> <!-- example2.NewTest2 -->
