<?xml version="1.0" encoding="UTF-8"?>
<!-- Generated by org.testng.reporters.JUnitReportReporter -->
<testsuite name="Javalicious.DataProviderExample" tests="9" time="0.083" ignored="0" failures="0" timestamp="19 Mar 2018 14:50:43 GMT" skipped="0" hostname="Mark-HP" errors="0">
  <testcase name="testOmatic2" time="0.001" classname="Javalicious.DataProviderExample"/>
  <testcase name="testOmatic3" time="0.003" classname="Javalicious.DataProviderExample"/>
  <testcase name="testOmatic2" time="0.002" classname="Javalicious.DataProviderExample"/>
  <testcase name="testOmatic2" time="0.001" classname="Javalicious.DataProviderExample"/>
  <testcase name="testOmatic1" time="0.004" classname="Javalicious.DataProviderExample"/>
  <testcase name="testOmatic3" time="0.001" classname="Javalicious.DataProviderExample"/>
  <testcase name="testOmatic3" time="0.003" classname="Javalicious.DataProviderExample"/>
  <testcase name="testOmatic1" time="0.067" classname="Javalicious.DataProviderExample"/>
  <testcase name="testOmatic1" time="0.001" classname="Javalicious.DataProviderExample"/>
</testsuite> <!-- Javalicious.DataProviderExample -->
