<?xml version="1.0" encoding="UTF-8"?>
<!-- Generated by org.testng.reporters.JUnitReportReporter -->
<testsuite name="Javalicious.TestingBasicSelenium" tests="3" time="19.143" ignored="0" failures="0" timestamp="20 Feb 2018 22:15:13 GMT" skipped="0" hostname="Mark-HP" errors="0">
  <testcase name="T03_backForwardRefreshExample" time="10.208" classname="Javalicious.TestingBasicSelenium"/>
  <testcase name="T02_navigateToExample" time="5.508" classname="Javalicious.TestingBasicSelenium"/>
  <testcase name="T01_getURLExample" time="3.427" classname="Javalicious.TestingBasicSelenium"/>
</testsuite> <!-- Javalicious.TestingBasicSelenium -->
