<?xml version="1.0" encoding="UTF-8"?>
<!-- Generated by org.testng.reporters.JUnitReportReporter -->
<testsuite name="Javalicious.TestConversion5678" tests="1" time="11.537" ignored="0" failures="0" timestamp="28 Mar 2018 15:55:11 GMT" skipped="0" hostname="Mark-HP" errors="0">
  <testcase name="TestCase141" time="11.537" classname="Javalicious.TestConversion5678"/>
</testsuite> <!-- Javalicious.TestConversion5678 -->
