<?xml version="1.0" encoding="UTF-8"?>
<!-- Generated by org.testng.reporters.JUnitReportReporter -->
<testsuite name="parallelTesting.TestParallelClassTwo" tests="2" time="0.125" ignored="0" failures="0" timestamp="21 Feb 2018 04:22:27 GMT" skipped="0" hostname="Mark-HP" errors="0">
  <testcase name="testCaseOne" time="0.114" classname="parallelTesting.TestParallelClassTwo"/>
  <testcase name="testCaseTwo" time="0.011" classname="parallelTesting.TestParallelClassTwo"/>
</testsuite> <!-- parallelTesting.TestParallelClassTwo -->
