<?xml version="1.0" encoding="UTF-8"?>
<!-- Generated by org.testng.reporters.JUnitReportReporter -->
<testsuite name="Javalicious.TestConversion2" tests="1" time="6.124" ignored="0" failures="0" timestamp="25 Mar 2018 15:33:47 GMT" skipped="0" hostname="Mark-HP" errors="0">
  <testcase name="TestCase447" time="6.124" classname="Javalicious.TestConversion2"/>
</testsuite> <!-- Javalicious.TestConversion2 -->
