<?xml version="1.0" encoding="UTF-8"?>
<!-- Generated by org.testng.reporters.JUnitReportReporter -->
<testsuite name="Javalicious.TestConversion" tests="1" time="14.767" ignored="0" failures="0" timestamp="07 Feb 2018 21:20:42 GMT" skipped="0" hostname="Mark-HP" errors="0">
  <testcase name="TestCase35" time="14.767" classname="Javalicious.TestConversion"/>
</testsuite> <!-- Javalicious.TestConversion -->
